=========================
>> BACKUP
=========================
=========================
>> COPY
cp: cannot overwrite non-directory '/home/fedora/.fonts' with directory '/home/fedora/.config/GitPush/.fonts'
=========================
=========================
>> PIP
WARNING: Value for scheme.platlib does not match. Please report this to <https://github.com/pypa/pip/issues/10151>
distutils: /usr/local/lib64/python3.9/site-packages
sysconfig: /usr/lib64/python3.9/site-packages
WARNING: Value for scheme.purelib does not match. Please report this to <https://github.com/pypa/pip/issues/10151>
distutils: /usr/local/lib/python3.9/site-packages
sysconfig: /usr/lib/python3.9/site-packages
WARNING: Value for scheme.headers does not match. Please report this to <https://github.com/pypa/pip/issues/10151>
distutils: /usr/local/include/python3.9/UNKNOWN
sysconfig: /usr/include/python3.9/UNKNOWN
WARNING: Value for scheme.scripts does not match. Please report this to <https://github.com/pypa/pip/issues/10151>
distutils: /usr/local/bin
sysconfig: /usr/bin
WARNING: Value for scheme.data does not match. Please report this to <https://github.com/pypa/pip/issues/10151>
distutils: /usr/local
sysconfig: /usr
WARNING: Additional context:
user = False
home = None
root = None
prefix = None
Defaulting to user installation because normal site-packages is not writeable
Collecting pywal
  Downloading pywal-3.3.0.tar.gz (61 kB)
Using legacy 'setup.py install' for pywal, since package 'wheel' is not installed.
Installing collected packages: pywal
  WARNING: Value for scheme.platlib does not match. Please report this to <https://github.com/pypa/pip/issues/10151>
  distutils: /home/fedora/.local/lib/python3.9/site-packages
  sysconfig: /home/fedora/.local/lib64/python3.9/site-packages
  WARNING: Additional context:
  user = True
  home = None
  root = None
  prefix = None
    Running setup.py install for pywal: started
    Running setup.py install for pywal: finished with status 'done'
ERROR: Operation cancelled by user
WARNING: Value for scheme.platlib does not match. Please report this to <https://github.com/pypa/pip/issues/10151>
distutils: /usr/local/lib64/python3.9/site-packages
sysconfig: /usr/lib64/python3.9/site-packages
WARNING: Value for scheme.purelib does not match. Please report this to <https://github.com/pypa/pip/issues/10151>
distutils: /usr/local/lib/python3.9/site-packages
sysconfig: /usr/lib/python3.9/site-packages
WARNING: Value for scheme.headers does not match. Please report this to <https://github.com/pypa/pip/issues/10151>
distutils: /usr/local/include/python3.9/UNKNOWN
sysconfig: /usr/include/python3.9/UNKNOWN
WARNING: Value for scheme.scripts does not match. Please report this to <https://github.com/pypa/pip/issues/10151>
distutils: /usr/local/bin
sysconfig: /usr/bin
WARNING: Value for scheme.data does not match. Please report this to <https://github.com/pypa/pip/issues/10151>
distutils: /usr/local
sysconfig: /usr
WARNING: Additional context:
user = False
home = None
root = None
prefix = None
Defaulting to user installation because normal site-packages is not writeable
Requirement already satisfied: pillow in /home/fedora/.local/lib/python3.9/site-packages (8.1.1)
